
 - hewllooo!
 - [0] test!

 - [1] test!
 - [2] test!
 - [a] test!
 - [b] test!
 - [c] test!

 - Inserire qualcosa.
 ->  @ java.lang.NumberFormatException: For input string: "kj"
	 @ at java.base/java.lang.NumberFormatException.forInputString(NumberFormatException.java:68)
	 @ at java.base/java.lang.Integer.parseInt(Integer.java:652)
	 @ at java.base/java.lang.Integer.parseInt(Integer.java:770)
	 @ at gurankio.util.GenericScanner.parse(GenericScanner.java:53)
	 @ at gurankio.util.Menu.lambda$loop$0(Menu.java:46)
	 @ at java.base/java.util.stream.Collectors.lambda$uniqKeysMapAccumulator$1(Collectors.java:178)
	 @ at java.base/java.util.stream.ReduceOps$3ReducingSink.accept(ReduceOps.java:169)
	 @ at java.base/java.util.HashMap$KeySpliterator.forEachRemaining(HashMap.java:1694)
	 @ at java.base/java.util.stream.AbstractPipeline.copyInto(AbstractPipeline.java:484)
	 @ at java.base/java.util.stream.AbstractPipeline.wrapAndCopyInto(AbstractPipeline.java:474)
	 @ at java.base/java.util.stream.ReduceOps$ReduceOp.evaluateSequential(ReduceOps.java:913)
	 @ at java.base/java.util.stream.AbstractPipeline.evaluate(AbstractPipeline.java:234)
	 @ at java.base/java.util.stream.ReferencePipeline.collect(ReferencePipeline.java:578)
	 @ at gurankio.util.Menu.loop(Menu.java:46)
	 @ at gurankio.util.Menu.run(Menu.java:68)
	 @ at gurankio.Tm.<init>(Tm.java:31)
	 @ at gurankio.Main.main(Main.java:11)
 ! Opzione invalida.

 - hewllooo!
 - [0] test!

 - [1] test!
 - [2] test!
 - [a] test!
 - [b] test!
 - [c] test!

 - Inserire qualcosa.
 -> 